<?xml version="1.0" encoding="UTF-8"?>
<testng-results ignored="0" total="5" passed="5" failed="0" skipped="0">
  <reporter-output>
  </reporter-output>
  <suite started-at="2024-10-30T17:00:13 EDT" name="Suite" finished-at="2024-10-30T17:00:58 EDT" duration-ms="45907">
    <groups>
    </groups>
    <test started-at="2024-10-30T17:00:13 EDT" name="Test" finished-at="2024-10-30T17:00:58 EDT" duration-ms="45907">
      <class name="FinalExam.FinalDDT">
        <test-method is-config="true" signature="beforeTest()[pri:0, instance:FinalExam.FinalDDT@1e8ce150]" started-at="2024-10-30T17:00:13 EDT" name="beforeTest" finished-at="2024-10-30T17:00:13 EDT" duration-ms="120" status="PASS">
          <reporter-output>
          </reporter-output>
        </test-method> <!-- beforeTest -->
        <test-method signature="Table1()[pri:1, instance:FinalExam.FinalDDT@1e8ce150]" started-at="2024-10-30T17:00:13 EDT" name="Table1" finished-at="2024-10-30T17:00:23 EDT" duration-ms="9907" status="PASS">
          <reporter-output>
          </reporter-output>
        </test-method> <!-- Table1 -->
        <test-method signature="Table2()[pri:2, instance:FinalExam.FinalDDT@1e8ce150]" started-at="2024-10-30T17:00:23 EDT" name="Table2" finished-at="2024-10-30T17:00:31 EDT" duration-ms="8817" status="PASS">
          <reporter-output>
          </reporter-output>
        </test-method> <!-- Table2 -->
        <test-method signature="Table3()[pri:3, instance:FinalExam.FinalDDT@1e8ce150]" started-at="2024-10-30T17:00:31 EDT" name="Table3" finished-at="2024-10-30T17:00:40 EDT" duration-ms="8866" status="PASS">
          <reporter-output>
          </reporter-output>
        </test-method> <!-- Table3 -->
        <test-method signature="Table4()[pri:4, instance:FinalExam.FinalDDT@1e8ce150]" started-at="2024-10-30T17:00:40 EDT" name="Table4" finished-at="2024-10-30T17:00:49 EDT" duration-ms="9092" status="PASS">
          <reporter-output>
          </reporter-output>
        </test-method> <!-- Table4 -->
        <test-method signature="Table5()[pri:5, instance:FinalExam.FinalDDT@1e8ce150]" started-at="2024-10-30T17:00:49 EDT" name="Table5" finished-at="2024-10-30T17:00:58 EDT" duration-ms="8891" status="PASS">
          <reporter-output>
          </reporter-output>
        </test-method> <!-- Table5 -->
        <test-method is-config="true" signature="afterTest()[pri:0, instance:FinalExam.FinalDDT@1e8ce150]" started-at="2024-10-30T17:00:58 EDT" name="afterTest" finished-at="2024-10-30T17:00:58 EDT" duration-ms="192" status="PASS">
          <reporter-output>
          </reporter-output>
        </test-method> <!-- afterTest -->
      </class> <!-- FinalExam.FinalDDT -->
    </test> <!-- Test -->
  </suite> <!-- Suite -->
</testng-results>
