<?xml version="1.0" encoding="UTF-8"?>
<!-- Generated by org.testng.reporters.JUnitXMLReporter -->
<testsuite ignored="0" hostname="DESKTOP-0I5FA5F" failures="0" tests="5" name="Test" time="47.79" errors="0" timestamp="2024-10-30T15:39:38 EDT">
  <testcase classname="FinalExam.FinalDDT" name="Table1" time="9.675"/>
  <testcase classname="FinalExam.FinalDDT" name="Table2" time="9.119"/>
  <testcase classname="FinalExam.FinalDDT" name="Table3" time="10.413"/>
  <testcase classname="FinalExam.FinalDDT" name="Table4" time="9.134"/>
  <testcase classname="FinalExam.FinalDDT" name="Table5" time="9.095"/>
</testsuite> <!-- Test -->
