<?xml version="1.0" encoding="UTF-8"?>
<testng-results ignored="0" total="5" passed="5" failed="0" skipped="0">
  <reporter-output>
  </reporter-output>
  <suite started-at="2024-10-30T17:16:30 EDT" name="Default suite" finished-at="2024-10-30T17:17:18 EDT" duration-ms="47127">
    <groups>
    </groups>
    <test started-at="2024-10-30T17:16:30 EDT" name="Default test" finished-at="2024-10-30T17:17:18 EDT" duration-ms="47127">
      <class name="FinalExam.FinalDDT">
        <test-method is-config="true" signature="beforeTest()[pri:0, instance:FinalExam.FinalDDT@4bff64c2]" started-at="2024-10-30T17:16:30 EDT" name="beforeTest" finished-at="2024-10-30T17:16:31 EDT" duration-ms="130" status="PASS">
          <reporter-output>
          </reporter-output>
        </test-method> <!-- beforeTest -->
        <test-method signature="Table1()[pri:1, instance:FinalExam.FinalDDT@4bff64c2]" started-at="2024-10-30T17:16:31 EDT" name="Table1" finished-at="2024-10-30T17:16:40 EDT" duration-ms="9748" status="PASS">
          <reporter-output>
          </reporter-output>
        </test-method> <!-- Table1 -->
        <test-method signature="Table2()[pri:2, instance:FinalExam.FinalDDT@4bff64c2]" started-at="2024-10-30T17:16:40 EDT" name="Table2" finished-at="2024-10-30T17:16:50 EDT" duration-ms="9227" status="PASS">
          <reporter-output>
          </reporter-output>
        </test-method> <!-- Table2 -->
        <test-method signature="Table3()[pri:3, instance:FinalExam.FinalDDT@4bff64c2]" started-at="2024-10-30T17:16:50 EDT" name="Table3" finished-at="2024-10-30T17:16:59 EDT" duration-ms="9131" status="PASS">
          <reporter-output>
          </reporter-output>
        </test-method> <!-- Table3 -->
        <test-method signature="Table4()[pri:4, instance:FinalExam.FinalDDT@4bff64c2]" started-at="2024-10-30T17:16:59 EDT" name="Table4" finished-at="2024-10-30T17:17:08 EDT" duration-ms="9312" status="PASS">
          <reporter-output>
          </reporter-output>
        </test-method> <!-- Table4 -->
        <test-method signature="Table5()[pri:5, instance:FinalExam.FinalDDT@4bff64c2]" started-at="2024-10-30T17:17:08 EDT" name="Table5" finished-at="2024-10-30T17:17:17 EDT" duration-ms="9347" status="PASS">
          <reporter-output>
          </reporter-output>
        </test-method> <!-- Table5 -->
        <test-method is-config="true" signature="afterTest()[pri:0, instance:FinalExam.FinalDDT@4bff64c2]" started-at="2024-10-30T17:17:17 EDT" name="afterTest" finished-at="2024-10-30T17:17:18 EDT" duration-ms="202" status="PASS">
          <reporter-output>
          </reporter-output>
        </test-method> <!-- afterTest -->
      </class> <!-- FinalExam.FinalDDT -->
    </test> <!-- Default test -->
  </suite> <!-- Default suite -->
</testng-results>
